<?xml version="1.0" encoding="UTF-8"?>
<testng-results ignored="0" total="1" passed="1" failed="0" skipped="0">
  <reporter-output>
  </reporter-output>
  <suite started-at="2024-08-10T01:57:12 BDT" name="Default suite" finished-at="2024-08-10T01:57:55 BDT" duration-ms="43246">
    <groups>
    </groups>
    <test started-at="2024-08-10T01:57:12 BDT" name="Default test" finished-at="2024-08-10T01:57:55 BDT" duration-ms="43246">
      <class name="MainTest.mainTest">
        <test-method is-config="true" signature="ExtentSetUp()[pri:0, instance:MainTest.mainTest@6c6cb480]" started-at="2024-08-10T01:57:11 BDT" name="ExtentSetUp" finished-at="2024-08-10T01:57:12 BDT" duration-ms="379" status="PASS">
          <reporter-output>
          </reporter-output>
        </test-method> <!-- ExtentSetUp -->
        <test-method is-config="true" signature="setUp()[pri:0, instance:MainTest.mainTest@6c6cb480]" started-at="2024-08-10T01:57:12 BDT" name="setUp" finished-at="2024-08-10T01:57:17 BDT" duration-ms="5536" status="PASS">
          <reporter-output>
          </reporter-output>
        </test-method> <!-- setUp -->
        <test-method signature="SearchProductsTest()[pri:5, instance:MainTest.mainTest@6c6cb480]" started-at="2024-08-10T01:57:17 BDT" name="SearchProductsTest" finished-at="2024-08-10T01:57:55 BDT" duration-ms="37462" status="PASS">
          <reporter-output>
          </reporter-output>
        </test-method> <!-- SearchProductsTest -->
        <test-method is-config="true" signature="tearDown1()[pri:0, instance:MainTest.mainTest@6c6cb480]" started-at="2024-08-10T01:57:55 BDT" name="tearDown1" finished-at="2024-08-10T01:57:55 BDT" duration-ms="196" status="PASS">
          <reporter-output>
          </reporter-output>
        </test-method> <!-- tearDown1 -->
        <test-method is-config="true" signature="tearDwon()[pri:0, instance:MainTest.mainTest@6c6cb480]" started-at="2024-08-10T01:57:55 BDT" name="tearDwon" finished-at="2024-08-10T01:57:55 BDT" duration-ms="510" status="PASS">
          <reporter-output>
          </reporter-output>
        </test-method> <!-- tearDwon -->
      </class> <!-- MainTest.mainTest -->
    </test> <!-- Default test -->
  </suite> <!-- Default suite -->
</testng-results>
